2022-04-07 11:56:33.832 +06:00 [INF] Application Starting up
2022-04-07 11:58:25.563 +06:00 [WRN] '.AspNetCore.Correlation.Google.HHq6WMV6vA6OQEA-XxeqMjhktPD1IKTN7q5uMRjk-sM' cookie not found.
2022-04-07 11:58:25.589 +06:00 [ERR] An unhandled exception has occurred while executing the request.
System.Exception: An error was encountered while handling the remote login.
 ---> System.Exception: Correlation failed.
   --- End of inner exception stack trace ---
   at Microsoft.AspNetCore.Authentication.RemoteAuthenticationHandler`1.HandleRequestAsync()
   at Microsoft.AspNetCore.Authentication.AuthenticationMiddleware.Invoke(HttpContext context)
   at Microsoft.AspNetCore.Diagnostics.EntityFrameworkCore.MigrationsEndPointMiddleware.Invoke(HttpContext context)
   at Microsoft.AspNetCore.Diagnostics.EntityFrameworkCore.DatabaseErrorPageMiddleware.Invoke(HttpContext httpContext)
   at Microsoft.AspNetCore.Diagnostics.EntityFrameworkCore.DatabaseErrorPageMiddleware.Invoke(HttpContext httpContext)
   at Microsoft.AspNetCore.Diagnostics.DeveloperExceptionPageMiddleware.Invoke(HttpContext context)
2022-04-07 12:02:09.277 +06:00 [INF] Application Starting up
2022-04-07 12:03:00.715 +06:00 [INF] Application Starting up
2022-04-07 12:03:25.729 +06:00 [INF] Application Starting up
2022-04-07 12:04:59.554 +06:00 [INF] Application Starting up
2022-04-07 12:08:31.388 +06:00 [INF] Application Starting up
2022-04-07 12:13:02.991 +06:00 [INF] Application Starting up
2022-04-07 12:21:49.101 +06:00 [INF] Application Starting up
2022-04-07 12:23:54.907 +06:00 [INF] Application Starting up
2022-04-07 12:26:11.619 +06:00 [INF] Application Starting up
2022-04-07 12:26:36.759 +06:00 [INF] User logged out.
2022-04-07 12:27:35.250 +06:00 [INF] Application Starting up
2022-04-07 12:28:02.436 +06:00 [INF] User logged out.
2022-04-07 12:52:05.017 +06:00 [INF] Application Starting up
2022-04-07 12:52:09.472 +06:00 [ERR] An unhandled exception has occurred while executing the request.
System.ArgumentException: The 'AppId' option must be provided. (Parameter 'AppId')
   at Microsoft.AspNetCore.Authentication.Facebook.FacebookOptions.Validate()
   at Microsoft.AspNetCore.Authentication.RemoteAuthenticationOptions.Validate(String scheme)
   at Microsoft.AspNetCore.Authentication.AuthenticationBuilder.<>c__DisplayClass4_0`2.<AddSchemeHelper>b__1(TOptions o)
   at Microsoft.Extensions.Options.ValidateOptions`1.Validate(String name, TOptions options)
   at Microsoft.Extensions.Options.OptionsFactory`1.Create(String name)
   at Microsoft.Extensions.Options.OptionsMonitor`1.<>c__DisplayClass11_0.<Get>b__0()
   at System.Lazy`1.ViaFactory(LazyThreadSafetyMode mode)
   at System.Lazy`1.ExecutionAndPublication(LazyHelper executionAndPublication, Boolean useDefaultConstructor)
   at System.Lazy`1.CreateValue()
   at System.Lazy`1.get_Value()
   at Microsoft.Extensions.Options.OptionsCache`1.GetOrAdd(String name, Func`1 createOptions)
   at Microsoft.Extensions.Options.OptionsMonitor`1.Get(String name)
   at Microsoft.AspNetCore.Authentication.AuthenticationHandler`1.InitializeAsync(AuthenticationScheme scheme, HttpContext context)
   at Microsoft.AspNetCore.Authentication.AuthenticationHandlerProvider.GetHandlerAsync(HttpContext context, String authenticationScheme)
   at Microsoft.AspNetCore.Authentication.AuthenticationMiddleware.Invoke(HttpContext context)
   at Microsoft.AspNetCore.Diagnostics.EntityFrameworkCore.MigrationsEndPointMiddleware.Invoke(HttpContext context)
   at Microsoft.AspNetCore.Diagnostics.EntityFrameworkCore.DatabaseErrorPageMiddleware.Invoke(HttpContext httpContext)
   at Microsoft.AspNetCore.Diagnostics.EntityFrameworkCore.DatabaseErrorPageMiddleware.Invoke(HttpContext httpContext)
   at Microsoft.AspNetCore.Diagnostics.DeveloperExceptionPageMiddleware.Invoke(HttpContext context)
2022-04-07 13:36:32.017 +06:00 [INF] Application Starting up
2022-04-07 13:44:17.565 +06:00 [INF] Application Starting up
2022-04-07 13:45:51.317 +06:00 [INF] Application Starting up
2022-04-07 13:48:53.279 +06:00 [INF] Application Starting up
2022-04-07 13:49:22.404 +06:00 [INF] Application Starting up
2022-04-07 13:52:36.140 +06:00 [INF] User logged out.
2022-04-07 13:53:01.960 +06:00 [INF] Application Starting up
2022-04-07 13:53:22.878 +06:00 [INF] Application Starting up
2022-04-07 13:56:33.135 +06:00 [INF] Application Starting up
2022-04-07 13:57:33.317 +06:00 [INF] Application Starting up
2022-04-07 14:02:56.901 +06:00 [INF] Application Starting up
2022-04-07 14:09:56.989 +06:00 [INF] Application Starting up
2022-04-07 14:10:24.765 +06:00 [INF] User logged out.
2022-04-07 14:11:15.747 +06:00 [INF] User logged out.
2022-04-07 14:13:10.901 +06:00 [INF] Application Starting up
2022-04-07 14:14:59.825 +06:00 [INF] Application Starting up
2022-04-07 14:15:25.167 +06:00 [INF] User logged out.
2022-04-07 14:16:21.908 +06:00 [INF] Application Starting up
2022-04-07 14:26:37.156 +06:00 [INF] Application Starting up
2022-04-07 14:27:16.084 +06:00 [INF] User logged out.
2022-04-07 14:29:14.282 +06:00 [INF] Application Starting up
2022-04-07 17:26:27.834 +06:00 [INF] Application Starting up
2022-04-07 17:50:33.809 +06:00 [INF] Application Starting up
2022-04-07 17:52:00.229 +06:00 [INF] Application Starting up
2022-04-07 17:57:50.114 +06:00 [INF] Application Starting up
2022-04-07 18:07:22.751 +06:00 [INF] Application Starting up
2022-04-07 22:36:59.305 +06:00 [INF] Application Starting up
2022-04-07 22:38:36.499 +06:00 [ERR] An unhandled exception has occurred while executing the request.
System.Exception: An error was encountered while handling the remote login.
 ---> System.Exception: The oauth state was missing or invalid.
   --- End of inner exception stack trace ---
   at Microsoft.AspNetCore.Authentication.RemoteAuthenticationHandler`1.HandleRequestAsync()
   at Microsoft.AspNetCore.Authentication.AuthenticationMiddleware.Invoke(HttpContext context)
   at Microsoft.AspNetCore.Diagnostics.EntityFrameworkCore.MigrationsEndPointMiddleware.Invoke(HttpContext context)
   at Microsoft.AspNetCore.Diagnostics.EntityFrameworkCore.DatabaseErrorPageMiddleware.Invoke(HttpContext httpContext)
   at Microsoft.AspNetCore.Diagnostics.EntityFrameworkCore.DatabaseErrorPageMiddleware.Invoke(HttpContext httpContext)
   at Microsoft.AspNetCore.Diagnostics.DeveloperExceptionPageMiddleware.Invoke(HttpContext context)
2022-04-07 22:56:24.815 +06:00 [INF] Application Starting up
2022-04-07 22:56:46.553 +06:00 [ERR] An unhandled exception has occurred while executing the request.
System.Exception: An error was encountered while handling the remote login.
 ---> System.Exception: The oauth state was missing or invalid.
   --- End of inner exception stack trace ---
   at Microsoft.AspNetCore.Authentication.RemoteAuthenticationHandler`1.HandleRequestAsync()
   at Microsoft.AspNetCore.Authentication.AuthenticationMiddleware.Invoke(HttpContext context)
   at Microsoft.AspNetCore.Diagnostics.EntityFrameworkCore.MigrationsEndPointMiddleware.Invoke(HttpContext context)
   at Microsoft.AspNetCore.Diagnostics.EntityFrameworkCore.DatabaseErrorPageMiddleware.Invoke(HttpContext httpContext)
   at Microsoft.AspNetCore.Diagnostics.EntityFrameworkCore.DatabaseErrorPageMiddleware.Invoke(HttpContext httpContext)
   at Microsoft.AspNetCore.Diagnostics.DeveloperExceptionPageMiddleware.Invoke(HttpContext context)
2022-04-07 22:57:00.663 +06:00 [INF] Application Starting up
2022-04-07 22:57:17.923 +06:00 [ERR] An unhandled exception has occurred while executing the request.
System.Exception: An error was encountered while handling the remote login.
 ---> System.Exception: The oauth state was missing or invalid.
   --- End of inner exception stack trace ---
   at Microsoft.AspNetCore.Authentication.RemoteAuthenticationHandler`1.HandleRequestAsync()
   at Microsoft.AspNetCore.Authentication.AuthenticationMiddleware.Invoke(HttpContext context)
   at Microsoft.AspNetCore.Diagnostics.EntityFrameworkCore.MigrationsEndPointMiddleware.Invoke(HttpContext context)
   at Microsoft.AspNetCore.Diagnostics.EntityFrameworkCore.DatabaseErrorPageMiddleware.Invoke(HttpContext httpContext)
   at Microsoft.AspNetCore.Diagnostics.EntityFrameworkCore.DatabaseErrorPageMiddleware.Invoke(HttpContext httpContext)
   at Microsoft.AspNetCore.Diagnostics.DeveloperExceptionPageMiddleware.Invoke(HttpContext context)
2022-04-07 22:57:39.350 +06:00 [INF] Application Starting up
2022-04-07 23:02:15.721 +06:00 [INF] Application Starting up
2022-04-07 23:04:19.601 +06:00 [ERR] An unhandled exception has occurred while executing the request.
System.Exception: An error was encountered while handling the remote login.
 ---> System.Exception: The oauth state was missing or invalid.
   --- End of inner exception stack trace ---
   at Microsoft.AspNetCore.Authentication.RemoteAuthenticationHandler`1.HandleRequestAsync()
   at Microsoft.AspNetCore.Authentication.AuthenticationMiddleware.Invoke(HttpContext context)
   at Microsoft.AspNetCore.Diagnostics.EntityFrameworkCore.MigrationsEndPointMiddleware.Invoke(HttpContext context)
   at Microsoft.AspNetCore.Diagnostics.EntityFrameworkCore.DatabaseErrorPageMiddleware.Invoke(HttpContext httpContext)
   at Microsoft.AspNetCore.Diagnostics.EntityFrameworkCore.DatabaseErrorPageMiddleware.Invoke(HttpContext httpContext)
   at Microsoft.AspNetCore.Diagnostics.DeveloperExceptionPageMiddleware.Invoke(HttpContext context)
2022-04-07 23:17:55.559 +06:00 [INF] Application Starting up
2022-04-07 23:34:01.008 +06:00 [INF] Application Starting up
2022-04-07 23:41:20.309 +06:00 [INF] Application Starting up
2022-04-07 23:41:28.609 +06:00 [ERR] An unhandled exception has occurred while executing the request.
System.Exception: An error was encountered while handling the remote login.
 ---> System.Exception: The oauth state was missing or invalid.
   --- End of inner exception stack trace ---
   at Microsoft.AspNetCore.Authentication.RemoteAuthenticationHandler`1.HandleRequestAsync()
   at Microsoft.AspNetCore.Authentication.AuthenticationMiddleware.Invoke(HttpContext context)
   at Microsoft.AspNetCore.Diagnostics.EntityFrameworkCore.MigrationsEndPointMiddleware.Invoke(HttpContext context)
   at Microsoft.AspNetCore.Diagnostics.EntityFrameworkCore.DatabaseErrorPageMiddleware.Invoke(HttpContext httpContext)
   at Microsoft.AspNetCore.Diagnostics.EntityFrameworkCore.DatabaseErrorPageMiddleware.Invoke(HttpContext httpContext)
   at Microsoft.AspNetCore.Diagnostics.DeveloperExceptionPageMiddleware.Invoke(HttpContext context)
2022-04-07 23:41:42.636 +06:00 [INF] Application Starting up
2022-04-07 23:42:00.246 +06:00 [ERR] An unhandled exception has occurred while executing the request.
System.Exception: An error was encountered while handling the remote login.
 ---> System.Exception: The oauth state was missing or invalid.
   --- End of inner exception stack trace ---
   at Microsoft.AspNetCore.Authentication.RemoteAuthenticationHandler`1.HandleRequestAsync()
   at Microsoft.AspNetCore.Authentication.AuthenticationMiddleware.Invoke(HttpContext context)
   at Microsoft.AspNetCore.Diagnostics.EntityFrameworkCore.MigrationsEndPointMiddleware.Invoke(HttpContext context)
   at Microsoft.AspNetCore.Diagnostics.EntityFrameworkCore.DatabaseErrorPageMiddleware.Invoke(HttpContext httpContext)
   at Microsoft.AspNetCore.Diagnostics.EntityFrameworkCore.DatabaseErrorPageMiddleware.Invoke(HttpContext httpContext)
   at Microsoft.AspNetCore.Diagnostics.DeveloperExceptionPageMiddleware.Invoke(HttpContext context)
2022-04-07 23:48:15.651 +06:00 [INF] Application Starting up
